# JRE version: OpenJDK Runtime Environment (11.0.8+10) (build 11.0.8+10-b944.6842174)
# Java VM: OpenJDK 64-Bit Server VM (11.0.8+10-b944.6842174, mixed mode, tiered, compressed oops, g1 gc, windows-amd64)
Heap:
 garbage-first heap   total 162816K, used 35475K [0x0000000081200000, 0x0000000100000000)
  region size 1024K, 13 young (13312K), 6 survivors (6144K)
 Metaspace       used 45000K, capacity 45490K, committed 45696K, reserved 1089536K
  class space    used 5296K, capacity 5473K, committed 5504K, reserved 1048576K
GC Heap History (10 events):
Event: 0.382 GC heap before
{Heap before GC invocations=0 (full 0):
 garbage-first heap   total 131072K, used 27648K [0x0000000081200000, 0x0000000100000000)
  region size 1024K, 24 young (24576K), 0 survivors (0K)
 Metaspace       used 12354K, capacity 12469K, committed 12800K, reserved 1060864K
  class space    used 1158K, capacity 1174K, committed 1280K, reserved 1048576K
}
Event: 0.385 GC heap after
{Heap after GC invocations=1 (full 0):
 garbage-first heap   total 131072K, used 5634K [0x0000000081200000, 0x0000000100000000)
  region size 1024K, 3 young (3072K), 3 survivors (3072K)
 Metaspace       used 12354K, capacity 12469K, committed 12800K, reserved 1060864K
  class space    used 1158K, capacity 1174K, committed 1280K, reserved 1048576K
}
Event: 0.794 GC heap before
{Heap before GC invocations=1 (full 0):
 garbage-first heap   total 131072K, used 41474K [0x0000000081200000, 0x0000000100000000)
  region size 1024K, 39 young (39936K), 3 survivors (3072K)
 Metaspace       used 20976K, capacity 21157K, committed 21248K, reserved 1069056K
  class space    used 2218K, capacity 2284K, committed 2304K, reserved 1048576K
}
Event: 0.803 GC heap after
{Heap after GC invocations=2 (full 0):
 garbage-first heap   total 131072K, used 9436K [0x0000000081200000, 0x0000000100000000)
  region size 1024K, 7 young (7168K), 7 survivors (7168K)
 Metaspace       used 20976K, capacity 21157K, committed 21248K, reserved 1069056K
  class space    used 2218K, capacity 2284K, committed 2304K, reserved 1048576K
}
Event: 1.489 GC heap before
{Heap before GC invocations=3 (full 0):
 garbage-first heap   total 131072K, used 72924K [0x0000000081200000, 0x0000000100000000)
  region size 1024K, 57 young (58368K), 7 survivors (7168K)
 Metaspace       used 31569K, capacity 32034K, committed 32128K, reserved 1077248K
  class space    used 3744K, capacity 3919K, committed 3968K, reserved 1048576K
}
Event: 1.503 GC heap after
{Heap after GC invocations=4 (full 0):
 garbage-first heap   total 131072K, used 23259K [0x0000000081200000, 0x0000000100000000)
  region size 1024K, 8 young (8192K), 8 survivors (8192K)
 Metaspace       used 31569K, capacity 32034K, committed 32128K, reserved 1077248K
  class space    used 3744K, capacity 3919K, committed 3968K, reserved 1048576K
}
Event: 1.707 GC heap before
{Heap before GC invocations=4 (full 0):
 garbage-first heap   total 131072K, used 41691K [0x0000000081200000, 0x0000000100000000)
  region size 1024K, 27 young (27648K), 8 survivors (8192K)
 Metaspace       used 35139K, capacity 35528K, committed 35584K, reserved 1081344K
  class space    used 4134K, capacity 4314K, committed 4352K, reserved 1048576K
}
Event: 1.715 GC heap after
{Heap after GC invocations=5 (full 0):
 garbage-first heap   total 131072K, used 26212K [0x0000000081200000, 0x0000000100000000)
  region size 1024K, 8 young (8192K), 8 survivors (8192K)
 Metaspace       used 35139K, capacity 35528K, committed 35584K, reserved 1081344K
  class space    used 4134K, capacity 4314K, committed 4352K, reserved 1048576K
}
Event: 2.239 GC heap before
{Heap before GC invocations=6 (full 0):
 garbage-first heap   total 131072K, used 64100K [0x0000000081200000, 0x0000000100000000)
  region size 1024K, 45 young (46080K), 8 survivors (8192K)
 Metaspace       used 43312K, capacity 43809K, committed 44032K, reserved 1087488K
  class space    used 5090K, capacity 5276K, committed 5376K, reserved 1048576K
}
Event: 2.250 GC heap after
{Heap after GC invocations=7 (full 0):
 garbage-first heap   total 162816K, used 29331K [0x0000000081200000, 0x0000000100000000)
  region size 1024K, 6 young (6144K), 6 survivors (6144K)
 Metaspace       used 43312K, capacity 43809K, committed 44032K, reserved 1087488K
  class space    used 5090K, capacity 5276K, committed 5376K, reserved 1048576K
}

