# JRE version: OpenJDK Runtime Environment (11.0.8+10) (build 11.0.8+10-b944.6842174)
# Java VM: OpenJDK 64-Bit Server VM (11.0.8+10-b944.6842174, mixed mode, tiered, compressed oops, g1 gc, windows-amd64)
Heap:
 garbage-first heap   total 1008640K, used 190180K [0x0000000080000000, 0x0000000100000000)
  region size 1024K, 5 young (5120K), 5 survivors (5120K)
 Metaspace       used 101100K, capacity 103765K, committed 103884K, reserved 1138688K
  class space    used 13009K, capacity 13984K, committed 14028K, reserved 1048576K
GC Heap History (20 events):
Event: 984.829 GC heap after
{Heap after GC invocations=39 (full 0):
 garbage-first heap   total 163840K, used 117486K [0x0000000080000000, 0x0000000100000000)
  region size 1024K, 3 young (3072K), 3 survivors (3072K)
 Metaspace       used 100022K, capacity 102673K, committed 102860K, reserved 1138688K
  class space    used 12895K, capacity 13894K, committed 14028K, reserved 1048576K
}
Event: 984.928 GC heap before
{Heap before GC invocations=39 (full 0):
 garbage-first heap   total 163840K, used 132846K [0x0000000080000000, 0x0000000100000000)
  region size 1024K, 16 young (16384K), 3 survivors (3072K)
 Metaspace       used 100053K, capacity 102738K, committed 103116K, reserved 1138688K
  class space    used 12895K, capacity 13894K, committed 14028K, reserved 1048576K
}
Event: 984.937 GC heap after
{Heap after GC invocations=40 (full 0):
 garbage-first heap   total 163840K, used 124431K [0x0000000080000000, 0x0000000100000000)
  region size 1024K, 2 young (2048K), 2 survivors (2048K)
 Metaspace       used 100053K, capacity 102738K, committed 103116K, reserved 1138688K
  class space    used 12895K, capacity 13894K, committed 14028K, reserved 1048576K
}
Event: 985.040 GC heap before
{Heap before GC invocations=41 (full 0):
 garbage-first heap   total 163840K, used 134671K [0x0000000080000000, 0x0000000100000000)
  region size 1024K, 12 young (12288K), 2 survivors (2048K)
 Metaspace       used 100010K, capacity 102666K, committed 103116K, reserved 1138688K
  class space    used 12880K, capacity 13869K, committed 14028K, reserved 1048576K
}
Event: 985.069 GC heap after
{Heap after GC invocations=42 (full 0):
 garbage-first heap   total 203776K, used 130159K [0x0000000080000000, 0x0000000100000000)
  region size 1024K, 2 young (2048K), 2 survivors (2048K)
 Metaspace       used 100010K, capacity 102666K, committed 103116K, reserved 1138688K
  class space    used 12880K, capacity 13869K, committed 14028K, reserved 1048576K
}
Event: 985.148 GC heap before
{Heap before GC invocations=42 (full 0):
 garbage-first heap   total 203776K, used 136303K [0x0000000080000000, 0x0000000100000000)
  region size 1024K, 9 young (9216K), 2 survivors (2048K)
 Metaspace       used 100302K, capacity 102939K, committed 103116K, reserved 1138688K
  class space    used 12969K, capacity 13963K, committed 14028K, reserved 1048576K
}
Event: 985.158 GC heap after
{Heap after GC invocations=43 (full 0):
 garbage-first heap   total 203776K, used 131192K [0x0000000080000000, 0x0000000100000000)
  region size 1024K, 2 young (2048K), 2 survivors (2048K)
 Metaspace       used 100302K, capacity 102939K, committed 103116K, reserved 1138688K
  class space    used 12969K, capacity 13963K, committed 14028K, reserved 1048576K
}
Event: 985.428 GC heap before
{Heap before GC invocations=43 (full 0):
 garbage-first heap   total 203776K, used 149624K [0x0000000080000000, 0x0000000100000000)
  region size 1024K, 21 young (21504K), 2 survivors (2048K)
 Metaspace       used 100802K, capacity 103453K, committed 103628K, reserved 1138688K
  class space    used 13018K, capacity 14003K, committed 14028K, reserved 1048576K
}
Event: 985.440 GC heap after
{Heap after GC invocations=44 (full 0):
 garbage-first heap   total 203776K, used 142527K [0x0000000080000000, 0x0000000100000000)
  region size 1024K, 3 young (3072K), 3 survivors (3072K)
 Metaspace       used 100802K, capacity 103453K, committed 103628K, reserved 1138688K
  class space    used 13018K, capacity 14003K, committed 14028K, reserved 1048576K
}
Event: 985.548 GC heap before
{Heap before GC invocations=44 (full 0):
 garbage-first heap   total 203776K, used 159935K [0x0000000080000000, 0x0000000100000000)
  region size 1024K, 20 young (20480K), 3 survivors (3072K)
 Metaspace       used 100821K, capacity 103519K, committed 103628K, reserved 1138688K
  class space    used 13018K, capacity 14003K, committed 14028K, reserved 1048576K
}
Event: 985.564 GC heap after
{Heap after GC invocations=45 (full 0):
 garbage-first heap   total 203776K, used 152766K [0x0000000080000000, 0x0000000100000000)
  region size 1024K, 3 young (3072K), 3 survivors (3072K)
 Metaspace       used 100821K, capacity 103519K, committed 103628K, reserved 1138688K
  class space    used 13018K, capacity 14003K, committed 14028K, reserved 1048576K
}
Event: 985.640 GC heap before
{Heap before GC invocations=45 (full 0):
 garbage-first heap   total 203776K, used 165054K [0x0000000080000000, 0x0000000100000000)
  region size 1024K, 15 young (15360K), 3 survivors (3072K)
 Metaspace       used 100828K, capacity 103520K, committed 103628K, reserved 1138688K
  class space    used 13018K, capacity 14003K, committed 14028K, reserved 1048576K
}
Event: 985.730 GC heap after
{Heap after GC invocations=46 (full 0):
 garbage-first heap   total 401408K, used 160599K [0x0000000080000000, 0x0000000100000000)
  region size 1024K, 2 young (2048K), 2 survivors (2048K)
 Metaspace       used 100828K, capacity 103520K, committed 103628K, reserved 1138688K
  class space    used 13018K, capacity 14003K, committed 14028K, reserved 1048576K
}
Event: 985.781 GC heap before
{Heap before GC invocations=47 (full 0):
 garbage-first heap   total 401408K, used 165719K [0x0000000080000000, 0x0000000100000000)
  region size 1024K, 8 young (8192K), 2 survivors (2048K)
 Metaspace       used 100828K, capacity 103520K, committed 103628K, reserved 1138688K
  class space    used 13018K, capacity 14003K, committed 14028K, reserved 1048576K
}
Event: 985.794 GC heap after
{Heap after GC invocations=48 (full 0):
 garbage-first heap   total 401408K, used 164312K [0x0000000080000000, 0x0000000100000000)
  region size 1024K, 6 young (6144K), 6 survivors (6144K)
 Metaspace       used 100828K, capacity 103520K, committed 103628K, reserved 1138688K
  class space    used 13018K, capacity 14003K, committed 14028K, reserved 1048576K
}
Event: 986.436 GC heap before
{Heap before GC invocations=49 (full 0):
 garbage-first heap   total 401408K, used 203224K [0x0000000080000000, 0x0000000100000000)
  region size 1024K, 43 young (44032K), 6 survivors (6144K)
 Metaspace       used 100910K, capacity 103553K, committed 103628K, reserved 1138688K
  class space    used 13007K, capacity 13983K, committed 14028K, reserved 1048576K
}
Event: 986.491 GC heap after
{Heap after GC invocations=50 (full 0):
 garbage-first heap   total 401408K, used 181759K [0x0000000080000000, 0x0000000100000000)
  region size 1024K, 10 young (10240K), 10 survivors (10240K)
 Metaspace       used 100910K, capacity 103553K, committed 103628K, reserved 1138688K
  class space    used 13007K, capacity 13983K, committed 14028K, reserved 1048576K
}
Event: 987.585 GC heap before
{Heap before GC invocations=51 (full 0):
 garbage-first heap   total 401408K, used 197119K [0x0000000080000000, 0x0000000100000000)
  region size 1024K, 35 young (35840K), 10 survivors (10240K)
 Metaspace       used 101016K, capacity 103688K, committed 103884K, reserved 1138688K
  class space    used 13009K, capacity 13984K, committed 14028K, reserved 1048576K
}
Event: 987.626 GC heap after
{Heap after GC invocations=52 (full 0):
 garbage-first heap   total 401408K, used 181871K [0x0000000080000000, 0x0000000100000000)
  region size 1024K, 10 young (10240K), 10 survivors (10240K)
 Metaspace       used 101016K, capacity 103688K, committed 103884K, reserved 1138688K
  class space    used 13009K, capacity 13984K, committed 14028K, reserved 1048576K
}
Event: 989.044 GC heap before
{Heap before GC invocations=53 (full 0):
 garbage-first heap   total 401408K, used 212591K [0x0000000080000000, 0x0000000100000000)
  region size 1024K, 33 young (33792K), 10 survivors (10240K)
 Metaspace       used 101100K, capacity 103765K, committed 103884K, reserved 1138688K
  class space    used 13009K, capacity 13984K, committed 14028K, reserved 1048576K
}

